openshift-web-console-operator
total 40K
drwxr-xr-x.   1 root root  186 Jun 16 13:54 .
drwxr-xr-x.   1 root root  186 Jun 16 13:54 ..
-rwxr-xr-x.   1 root root    0 Jun 16 13:54 .dockerenv
-rw-r--r--.   1 root root  12K May  4 15:37 anaconda-post.log
lrwxrwxrwx.   1 root root    7 May  4 15:35 bin -> usr/bin
drwxr-xr-x.  15 root root 3.0K Jun 16 13:54 dev
drwxr-xr-x.   1 root root   66 Jun 16 13:54 etc
drwxr-xr-x.   2 root root    6 Apr 11  2018 home
-rwxr-xr-x.   1 root root  857 Jan  1  1970 install.sh
-rw-r--r--.   1 root root 2.8K Jan  1  1970 install.yaml
-rw-r--r--.   1 root root 5.6K Jan  1  1970 kubeconfig.kubeconfig
lrwxrwxrwx.   1 root root    7 May  4 15:35 lib -> usr/lib
lrwxrwxrwx.   1 root root    9 May  4 15:35 lib64 -> usr/lib64
drwxr-xr-x.   2 root root    6 Apr 11  2018 media
drwxr-xr-x.   2 root root    6 Apr 11  2018 mnt
-rw-r--r--.   1 root root   24 Jan  1  1970 namespace-file
-rw-r--r--.   1 root root    0 Jan  1  1970 namespace.yaml
drwxr-xr-x.   2 root root    6 Apr 11  2018 opt
-rw-r--r--.   1 root root  199 Jan  1  1970 param-file.txt
-rw-r--r--.   1 root root    0 Jan  1  1970 privileged-sa-list.txt
dr-xr-xr-x. 208 root root    0 Jun 16 11:27 proc
-rw-r--r--.   1 root root  460 Jan  1  1970 rbac.yaml
dr-xr-x---.   1 root root   18 Jun  5 21:40 root
drwxr-xr-x.   1 root root    6 Jun  5 22:00 run
lrwxrwxrwx.   1 root root    8 May  4 15:35 sbin -> usr/sbin
drwxr-xr-x.   2 root root    6 Apr 11  2018 srv
dr-xr-xr-x.  13 root root    0 Jun 16 11:27 sys
drwxrwxrwt.   1 root root    6 Jun  5 22:00 tmp
drwxr-xr-x.   1 root root   30 May  4 15:35 usr
drwxr-xr-x.   1 root root   41 May  4 15:36 var
namespace/openshift-core-operators configured
clusterrolebinding.rbac.authorization.k8s.io/system:openshift:operator:web-console reconciled
customresourcedefinition.apiextensions.k8s.io/openshiftwebconsoleconfigs.webconsole.operator.openshift.io created
configmap/openshift-web-console-operator-config created
deployment.apps/openshift-web-console-operator created
serviceaccount/openshift-web-console-operator created
openshiftwebconsoleconfig.webconsole.operator.openshift.io/instance created
