total 56K
drwxr-xr-x.   1 root root   90 Jun 16 13:54 .
drwxr-xr-x.   1 root root   90 Jun 16 13:54 ..
-rwxr-xr-x.   1 root root    0 Jun 16 13:54 .dockerenv
-rw-r--r--.   1 root root  12K May  4 15:37 anaconda-post.log
-rwxr-xr-x.   1 root root  182 Jan  1  1970 apply.sh
lrwxrwxrwx.   1 root root    7 May  4 15:35 bin -> usr/bin
drwxr-xr-x.  15 root root 3.0K Jun 16 13:54 dev
drwxr-xr-x.   1 root root   66 Jun 16 13:54 etc
drwxr-xr-x.   2 root root    6 Apr 11  2018 home
-rw-r--r--.   1 root root 5.6K Jan  1  1970 kubeconfig.kubeconfig
lrwxrwxrwx.   1 root root    7 May  4 15:35 lib -> usr/lib
lrwxrwxrwx.   1 root root    9 May  4 15:35 lib64 -> usr/lib64
-rw-r--r--.   1 root root  25K Jan  1  1970 list.yaml
drwxr-xr-x.   2 root root    6 Apr 11  2018 media
drwxr-xr-x.   2 root root    6 Apr 11  2018 mnt
-rw-r--r--.   1 root root    9 Jan  1  1970 namespace-file
drwxr-xr-x.   2 root root    6 Apr 11  2018 opt
dr-xr-xr-x. 222 root root    0 Jun 16 11:27 proc
dr-xr-x---.   1 root root   18 Jun  5 21:40 root
drwxr-xr-x.   1 root root    6 Jun  5 22:00 run
lrwxrwxrwx.   1 root root    8 May  4 15:35 sbin -> usr/sbin
drwxr-xr-x.   2 root root    6 Apr 11  2018 srv
dr-xr-xr-x.  13 root root    0 Jun 16 11:27 sys
drwxrwxrwt.   1 root root    6 Jun  5 22:00 tmp
drwxr-xr-x.   1 root root   30 May  4 15:35 usr
drwxr-xr-x.   1 root root   41 May  4 15:36 var
template.template.openshift.io/rails-pgsql-persistent created
